This is pdfTeX, Version 3.14159265-2.6-1.40.15 (MiKTeX 2.9 64-bit) (preloaded format=pdflatex 2015.11.5)  18 MAY 2016 15:13
entering extended mode
**РњР°С‚СЃС‚Р°С‚1.tex
(РњР°С‚СЃС‚Р°С‚1.tex
LaTeX2e <2014/05/01>
Babel <3.9l> and hyphenation patterns for 68 languages loaded.
("C:\Program Files\MiKTeX 2.9\tex\latex\base\article.cls"
Document Class: article 2014/09/29 v1.4h Standard LaTeX document class
("C:\Program Files\MiKTeX 2.9\tex\latex\base\size12.clo"
File: size12.clo 2014/09/29 v1.4h Standard LaTeX file (size option)
)
\c@part=\count79
\c@section=\count80
\c@subsection=\count81
\c@subsubsection=\count82
\c@paragraph=\count83
\c@subparagraph=\count84
\c@figure=\count85
\c@table=\count86
\abovecaptionskip=\skip41
\belowcaptionskip=\skip42
\bibindent=\dimen102
)
("C:\Program Files\MiKTeX 2.9\tex\latex\base\inputenc.sty"
Package: inputenc 2014/04/30 v1.2b Input encoding file
\inpenc@prehook=\toks14
\inpenc@posthook=\toks15

("C:\Program Files\MiKTeX 2.9\tex\latex\cyrillic\cp1251.def"
File: cp1251.def 1999/11/16 v1.0d Input encoding file
))
("C:\Program Files\MiKTeX 2.9\tex\latex\babel\babel.sty"
Package: babel 2014/09/25 3.9l The Babel package

*************************************
* Local config file bblopts.cfg used
*
("C:\Program Files\MiKTeX 2.9\tex\latex\00miktex\bblopts.cfg"
File: bblopts.cfg 2006/07/31 v1.0 MiKTeX 'babel' configuration
)
("C:\Program Files\MiKTeX 2.9\tex\latex\babel-russian\russianb.ldf"
Language: russianb 2014/10/21 1.3f Russian support for the Babel system

("C:\Program Files\MiKTeX 2.9\tex\latex\babel\babel.def"
File: babel.def 2014/09/25 3.9l Babel common definitions
\babel@savecnt=\count87
\U@D=\dimen103
)

Package babel Warning: No Cyrillic font encoding has been loaded so far.
(babel)                A font encoding should be declared before babel.
(babel)                Default `T2A' encoding will be loaded  on input line 69.


("C:\Program Files\MiKTeX 2.9\tex\latex\cyrillic\t2aenc.def"
File: t2aenc.def 2005/09/27 v1.0i Cyrillic encoding definition file
)
Package babel Info: Making " an active character on input line 111.
))
("C:\Program Files\MiKTeX 2.9\tex\latex\amsmath\amsmath.sty"
Package: amsmath 2013/01/14 v2.14 AMS math features
\@mathmargin=\skip43

For additional information on amsmath, use the `?' option.
("C:\Program Files\MiKTeX 2.9\tex\latex\amsmath\amstext.sty"
Package: amstext 2000/06/29 v2.01

("C:\Program Files\MiKTeX 2.9\tex\latex\amsmath\amsgen.sty"
File: amsgen.sty 1999/11/30 v2.0
\@emptytoks=\toks16
\ex@=\dimen104
))
("C:\Program Files\MiKTeX 2.9\tex\latex\amsmath\amsbsy.sty"
Package: amsbsy 1999/11/29 v1.2d
\pmbraise@=\dimen105
)
("C:\Program Files\MiKTeX 2.9\tex\latex\amsmath\amsopn.sty"
Package: amsopn 1999/12/14 v2.01 operator names
)
\inf@bad=\count88
LaTeX Info: Redefining \frac on input line 210.
\uproot@=\count89
\leftroot@=\count90
LaTeX Info: Redefining \overline on input line 306.
\classnum@=\count91
\DOTSCASE@=\count92
LaTeX Info: Redefining \ldots on input line 378.
LaTeX Info: Redefining \dots on input line 381.
LaTeX Info: Redefining \cdots on input line 466.
\Mathstrutbox@=\box26
\strutbox@=\box27
\big@size=\dimen106
LaTeX Font Info:    Redeclaring font encoding OML on input line 566.
LaTeX Font Info:    Redeclaring font encoding OMS on input line 567.
\macc@depth=\count93
\c@MaxMatrixCols=\count94
\dotsspace@=\muskip10
\c@parentequation=\count95
\dspbrk@lvl=\count96
\tag@help=\toks17
\row@=\count97
\column@=\count98
\maxfields@=\count99
\andhelp@=\toks18
\eqnshift@=\dimen107
\alignsep@=\dimen108
\tagshift@=\dimen109
\tagwidth@=\dimen110
\totwidth@=\dimen111
\lineht@=\dimen112
\@envbody=\toks19
\multlinegap=\skip44
\multlinetaggap=\skip45
\mathdisplay@stack=\toks20
LaTeX Info: Redefining \[ on input line 2665.
LaTeX Info: Redefining \] on input line 2666.
)
("C:\Program Files\MiKTeX 2.9\tex\latex\t2\mathtext.sty"
Package: mathtext 1999/01/28 v1.0 transparent text-and-math defs
LaTeX Info: Redefining \halign on input line 111.
)
("C:\Program Files\MiKTeX 2.9\tex\latex\graphics\graphicx.sty"
Package: graphicx 2014/10/28 v1.0g Enhanced LaTeX Graphics (DPC,SPQR)

("C:\Program Files\MiKTeX 2.9\tex\latex\graphics\keyval.sty"
Package: keyval 2014/10/28 v1.15 key=value parser (DPC)
\KV@toks@=\toks21
)
("C:\Program Files\MiKTeX 2.9\tex\latex\graphics\graphics.sty"
Package: graphics 2014/10/28 v1.0p Standard LaTeX Graphics (DPC,SPQR)

("C:\Program Files\MiKTeX 2.9\tex\latex\graphics\trig.sty"
Package: trig 1999/03/16 v1.09 sin cos tan (DPC)
)
("C:\Program Files\MiKTeX 2.9\tex\latex\00miktex\graphics.cfg"
File: graphics.cfg 2007/01/18 v1.5 graphics configuration of teTeX/TeXLive
)
Package graphics Info: Driver file: pdftex.def on input line 91.

("C:\Program Files\MiKTeX 2.9\tex\latex\pdftex-def\pdftex.def"
File: pdftex.def 2011/05/27 v0.06d Graphics/color for pdfTeX

("C:\Program Files\MiKTeX 2.9\tex\generic\oberdiek\infwarerr.sty"
Package: infwarerr 2010/04/08 v1.3 Providing info/warning/error messages (HO)
)
("C:\Program Files\MiKTeX 2.9\tex\generic\oberdiek\ltxcmds.sty"
Package: ltxcmds 2011/11/09 v1.22 LaTeX kernel commands for general use (HO)
)
\Gread@gobject=\count100
))
\Gin@req@height=\dimen113
\Gin@req@width=\dimen114
)
("C:\Program Files\MiKTeX 2.9\tex\latex\geometry\geometry.sty"
Package: geometry 2010/09/12 v5.6 Page Geometry

("C:\Program Files\MiKTeX 2.9\tex\generic\oberdiek\ifpdf.sty"
Package: ifpdf 2011/01/30 v2.3 Provides the ifpdf switch (HO)
Package ifpdf Info: pdfTeX in PDF mode is detected.
)
("C:\Program Files\MiKTeX 2.9\tex\generic\oberdiek\ifvtex.sty"
Package: ifvtex 2010/03/01 v1.5 Detect VTeX and its facilities (HO)
Package ifvtex Info: VTeX not detected.
)
("C:\Program Files\MiKTeX 2.9\tex\generic\ifxetex\ifxetex.sty"
Package: ifxetex 2010/09/12 v0.6 Provides ifxetex conditional
)
\Gm@cnth=\count101
\Gm@cntv=\count102
\c@Gm@tempcnt=\count103
\Gm@bindingoffset=\dimen115
\Gm@wd@mp=\dimen116
\Gm@odd@mp=\dimen117
\Gm@even@mp=\dimen118
\Gm@layoutwidth=\dimen119
\Gm@layoutheight=\dimen120
\Gm@layouthoffset=\dimen121
\Gm@layoutvoffset=\dimen122
\Gm@dimlist=\toks22

("C:\Program Files\MiKTeX 2.9\tex\latex\geometry\geometry.cfg"))
("C:\Program Files\MiKTeX 2.9\tex\latex\tools\indentfirst.sty"
Package: indentfirst 1995/11/23 v1.03 Indent first paragraph (DPC)
)
("C:\Program Files\MiKTeX 2.9\tex\latex\tools\multicol.sty"
Package: multicol 2014/10/28 v1.8i multicolumn formatting (FMi)
\c@tracingmulticols=\count104
\mult@box=\box28
\multicol@leftmargin=\dimen123
\c@unbalance=\count105
\c@collectmore=\count106
\doublecol@number=\count107
\multicoltolerance=\count108
\multicolpretolerance=\count109
\full@width=\dimen124
\page@free=\dimen125
\premulticols=\dimen126
\postmulticols=\dimen127
\multicolsep=\skip46
\multicolbaselineskip=\skip47
\partial@page=\box29
\last@line=\box30
\maxbalancingoverflow=\dimen128
\mult@rightbox=\box31
\mult@grightbox=\box32
\mult@gfirstbox=\box33
\mult@firstbox=\box34
\@tempa=\box35
\@tempa=\box36
\@tempa=\box37
\@tempa=\box38
\@tempa=\box39
\@tempa=\box40
\@tempa=\box41
\@tempa=\box42
\@tempa=\box43
\@tempa=\box44
\@tempa=\box45
\@tempa=\box46
\@tempa=\box47
\@tempa=\box48
\@tempa=\box49
\@tempa=\box50
\@tempa=\box51
\c@columnbadness=\count110
\c@finalcolumnbadness=\count111
\last@try=\dimen129
\multicolovershoot=\dimen130
\multicolundershoot=\dimen131
\mult@nat@firstbox=\box52
\colbreak@box=\box53
\mc@col@check@num=\count112
)
(РњР°С‚СЃС‚Р°С‚1.aux
LaTeX Font Info:    Try loading font information for T2A+cmr on input line 3.
 ("C:\Program Files\MiKTeX 2.9\tex\latex\cyrillic\t2acmr.fd"
File: t2acmr.fd 2001/08/11 v1.0a Computer Modern Cyrillic font definitions
))
LaTeX Font Info:    Checking defaults for OML/cmm/m/it on input line 15.
LaTeX Font Info:    ... okay on input line 15.
LaTeX Font Info:    Checking defaults for T1/cmr/m/n on input line 15.
LaTeX Font Info:    ... okay on input line 15.
LaTeX Font Info:    Checking defaults for OT1/cmr/m/n on input line 15.
LaTeX Font Info:    ... okay on input line 15.
LaTeX Font Info:    Checking defaults for OMS/cmsy/m/n on input line 15.
LaTeX Font Info:    ... okay on input line 15.
LaTeX Font Info:    Checking defaults for OMX/cmex/m/n on input line 15.
LaTeX Font Info:    ... okay on input line 15.
LaTeX Font Info:    Checking defaults for U/cmr/m/n on input line 15.
LaTeX Font Info:    ... okay on input line 15.
LaTeX Font Info:    Checking defaults for T2A/cmr/m/n on input line 15.
LaTeX Font Info:    ... okay on input line 15.
 ("C:\Program Files\MiKTeX 2.9\tex\context\base\supp-pdf.mkii"
[Loading MPS to PDF converter (version 2006.09.02).]
\scratchcounter=\count113
\scratchdimen=\dimen132
\scratchbox=\box54
\nofMPsegments=\count114
\nofMParguments=\count115
\everyMPshowfont=\toks23
\MPscratchCnt=\count116
\MPscratchDim=\dimen133
\MPnumerator=\count117
\makeMPintoPDFobject=\count118
\everyMPtoPDFconversion=\toks24
)
*geometry* driver: auto-detecting
*geometry* detected driver: pdftex
*geometry* verbose mode - [ preamble ] result:
* driver: pdftex
* paper: <default>
* layout: <same size as paper>
* layoutoffset:(h,v)=(0.0pt,0.0pt)
* modes: 
* h-part:(L,W,R)=(56.9055pt, 514.71037pt, 42.67912pt)
* v-part:(T,H,B)=(42.67912pt, 695.38536pt, 56.9055pt)
* \paperwidth=614.295pt
* \paperheight=794.96999pt
* \textwidth=514.71037pt
* \textheight=695.38536pt
* \oddsidemargin=-15.36449pt
* \evensidemargin=-15.36449pt
* \topmargin=-66.59087pt
* \headheight=12.0pt
* \headsep=25.0pt
* \topskip=12.0pt
* \footskip=30.0pt
* \marginparwidth=44.0pt
* \marginparsep=10.0pt
* \columnsep=10.0pt
* \skip\footins=10.8pt plus 4.0pt minus 2.0pt
* \hoffset=0.0pt
* \voffset=0.0pt
* \mag=1000
* \@twocolumnfalse
* \@twosidefalse
* \@mparswitchfalse
* \@reversemarginfalse
* (1in=72.27pt=25.4mm, 1cm=28.453pt)

[1

{C:/ProgramData/MiKTeX/2.9/pdftex/config/pdftex.map}]
LaTeX Font Info:    Try loading font information for OMS+cmr on input line 69.

("C:\Program Files\MiKTeX 2.9\tex\latex\base\omscmr.fd"
File: omscmr.fd 2014/09/29 v2.5h Standard LaTeX font definitions
)
LaTeX Font Info:    Font shape `OMS/cmr/m/n' in size <12> not available
(Font)              Font shape `OMS/cmsy/m/n' tried instead on input line 69.

Underfull \hbox (badness 10000) in paragraph at lines 84--185
\T2A/cmr/m/n/12 0.001 0.002 0.011
 []


Underfull \hbox (badness 10000) in paragraph at lines 84--185
\T2A/cmr/m/n/12 0.016 0.021 0.046
 []


Underfull \hbox (badness 10000) in paragraph at lines 84--185
\T2A/cmr/m/n/12 0.053 0.057 0.061
 []


Underfull \hbox (badness 10000) in paragraph at lines 84--185
\T2A/cmr/m/n/12 0.073 0.094 0.101
 []


Underfull \hbox (badness 10000) in paragraph at lines 84--185
\T2A/cmr/m/n/12 0.106 0.109 0.113
 []


Underfull \hbox (badness 10000) in paragraph at lines 84--185
\T2A/cmr/m/n/12 0.118 0.126 0.140
 []


Underfull \hbox (badness 10000) in paragraph at lines 84--185
\T2A/cmr/m/n/12 0.141 0.143 0.153
 []


Underfull \hbox (badness 10000) in paragraph at lines 84--185
\T2A/cmr/m/n/12 0.174 0.178 0.181
 []


Underfull \hbox (badness 10000) in paragraph at lines 84--185
\T2A/cmr/m/n/12 0.214 0.220 0.222
 []


Underfull \hbox (badness 10000) in paragraph at lines 84--185
\T2A/cmr/m/n/12 0.233 0.254 0.259
 []


Underfull \hbox (badness 10000) in paragraph at lines 84--185
\T2A/cmr/m/n/12 0.291 0.341 0.342
 []


Underfull \hbox (badness 10000) in paragraph at lines 84--185
\T2A/cmr/m/n/12 0.349 0.353 0.366
 []


Underfull \hbox (badness 10000) in paragraph at lines 84--185
\T2A/cmr/m/n/12 0.380 0.398 0.417
 []


Underfull \hbox (badness 10000) in paragraph at lines 84--185
\T2A/cmr/m/n/12 0.420 0.422 0.429
 []


Underfull \hbox (badness 10000) in paragraph at lines 84--185
\T2A/cmr/m/n/12 0.434 0.438 0.446
 []


Underfull \hbox (badness 10000) in paragraph at lines 84--185
\T2A/cmr/m/n/12 0.460 0.462 0.472
 []


Underfull \hbox (badness 10000) in paragraph at lines 84--185
\T2A/cmr/m/n/12 0.482 0.486 0.497
 []


Underfull \hbox (badness 10000) in paragraph at lines 84--185
\T2A/cmr/m/n/12 0.502 0.531 0.546
 []


Underfull \hbox (badness 10000) in paragraph at lines 84--185
\T2A/cmr/m/n/12 0.577 0.579 0.580
 []


Underfull \hbox (badness 10000) in paragraph at lines 84--185
\T2A/cmr/m/n/12 0.583 0.593 0.594
 []


Underfull \hbox (badness 10000) in paragraph at lines 84--185
\T2A/cmr/m/n/12 0.598 0.606 0.616
 []


Underfull \hbox (badness 10000) in paragraph at lines 84--185
\T2A/cmr/m/n/12 0.617 0.626 0.638
 []


Underfull \hbox (badness 10000) in paragraph at lines 84--185
\T2A/cmr/m/n/12 0.647 0.660 0.672
 []


Underfull \hbox (badness 10000) in paragraph at lines 84--185
\T2A/cmr/m/n/12 0.678 0.686 0.694
 []


Underfull \hbox (badness 10000) in paragraph at lines 84--185
\T2A/cmr/m/n/12 0.701 0.709 0.714
 []


Underfull \hbox (badness 10000) in paragraph at lines 84--185
\T2A/cmr/m/n/12 0.717 0.727 0.737
 []


Underfull \hbox (badness 10000) in paragraph at lines 84--185
\T2A/cmr/m/n/12 0.740 0.758 0.766
 []


Underfull \hbox (badness 10000) in paragraph at lines 84--185
\T2A/cmr/m/n/12 0.777 0.782 0.808
 []


Underfull \hbox (badness 10000) in paragraph at lines 84--185
\T2A/cmr/m/n/12 0.814 0.820 0.824
 []


Underfull \hbox (badness 10000) in paragraph at lines 84--185
\T2A/cmr/m/n/12 0.842 0.848 0.869
 []


Underfull \hbox (badness 10000) in paragraph at lines 84--185
\T2A/cmr/m/n/12 0.887 0.898 0.934
 []


Underfull \hbox (badness 10000) in paragraph at lines 84--185
\T2A/cmr/m/n/12 0.938 0.940 0.943
 []


Underfull \hbox (badness 10000) in paragraph at lines 84--185
\T2A/cmr/m/n/12 0.979 0.980 0.982
 []

[1]
Underfull \hbox (badness 10000) in paragraph at lines 202--303
\T2A/cmr/m/n/12 0.039 0.039 0.039
 []


Underfull \hbox (badness 10000) in paragraph at lines 202--303
\T2A/cmr/m/n/12 0.057 0.057 0.066
 []


Underfull \hbox (badness 10000) in paragraph at lines 202--303
\T2A/cmr/m/n/12 0.066 0.084 0.084
 []


Underfull \hbox (badness 10000) in paragraph at lines 202--303
\T2A/cmr/m/n/12 0.084 0.109 0.109
 []


Underfull \hbox (badness 10000) in paragraph at lines 202--303
\T2A/cmr/m/n/12 0.114 0.114 0.121
 []


Underfull \hbox (badness 10000) in paragraph at lines 202--303
\T2A/cmr/m/n/12 0.135 0.135 0.135
 []


Underfull \hbox (badness 10000) in paragraph at lines 202--303
\T2A/cmr/m/n/12 0.193 0.193 0.265
 []


Underfull \hbox (badness 10000) in paragraph at lines 202--303
\T2A/cmr/m/n/12 0.265 0.301 0.301
 []


Underfull \hbox (badness 10000) in paragraph at lines 202--303
\T2A/cmr/m/n/12 0.328 0.339 0.339
 []


Underfull \hbox (badness 10000) in paragraph at lines 202--303
\T2A/cmr/m/n/12 0.339 0.341 0.341
 []


Underfull \hbox (badness 10000) in paragraph at lines 202--303
\T2A/cmr/m/n/12 0.344 0.392 0.392
 []


Underfull \hbox (badness 10000) in paragraph at lines 202--303
\T2A/cmr/m/n/12 0.392 0.396 0.396
 []


Underfull \hbox (badness 10000) in paragraph at lines 202--303
\T2A/cmr/m/n/12 0.411 0.411 0.411
 []


Underfull \hbox (badness 10000) in paragraph at lines 202--303
\T2A/cmr/m/n/12 0.424 0.424 0.435
 []


Underfull \hbox (badness 10000) in paragraph at lines 202--303
\T2A/cmr/m/n/12 0.435 0.435 0.452
 []


Underfull \hbox (badness 10000) in paragraph at lines 202--303
\T2A/cmr/m/n/12 0.452 0.454 0.454
 []


Underfull \hbox (badness 10000) in paragraph at lines 202--303
\T2A/cmr/m/n/12 0.454 0.469 0.469
 []


Underfull \hbox (badness 10000) in paragraph at lines 202--303
\T2A/cmr/m/n/12 0.473 0.497 0.497
 []


Underfull \hbox (badness 10000) in paragraph at lines 202--303
\T2A/cmr/m/n/12 0.570 0.570 0.570
 []


Underfull \hbox (badness 10000) in paragraph at lines 202--303
\T2A/cmr/m/n/12 0.601 0.601 0.609
 []


Underfull \hbox (badness 10000) in paragraph at lines 202--303
\T2A/cmr/m/n/12 0.609 0.627 0.627
 []


Underfull \hbox (badness 10000) in paragraph at lines 202--303
\T2A/cmr/m/n/12 0.627 0.663 0.663
 []


Underfull \hbox (badness 10000) in paragraph at lines 202--303
\T2A/cmr/m/n/12 0.663 0.690 0.690
 []


Underfull \hbox (badness 10000) in paragraph at lines 202--303
\T2A/cmr/m/n/12 0.722 0.722 0.722
 []


Underfull \hbox (badness 10000) in paragraph at lines 202--303
\T2A/cmr/m/n/12 0.732 0.732 0.750
 []


Underfull \hbox (badness 10000) in paragraph at lines 202--303
\T2A/cmr/m/n/12 0.753 0.753 0.757
 []


Underfull \hbox (badness 10000) in paragraph at lines 202--303
\T2A/cmr/m/n/12 0.757 0.769 0.769
 []


Underfull \hbox (badness 10000) in paragraph at lines 202--303
\T2A/cmr/m/n/12 0.805 0.805 0.841
 []


Underfull \hbox (badness 10000) in paragraph at lines 202--303
\T2A/cmr/m/n/12 0.841 0.868 0.868
 []


Underfull \hbox (badness 10000) in paragraph at lines 202--303
\T2A/cmr/m/n/12 0.871 0.871 0.871
 []


Underfull \hbox (badness 10000) in paragraph at lines 202--303
\T2A/cmr/m/n/12 0.893 0.893 0.926
 []


Underfull \hbox (badness 10000) in paragraph at lines 202--303
\T2A/cmr/m/n/12 0.927 0.927 0.927
 []


Underfull \hbox (badness 10000) in paragraph at lines 202--303
\T2A/cmr/m/n/12 0.965 0.965 0.997
 []

<1.png, id=19, 426.84468pt x 246.9225pt>
File: 1.png Graphic file (type png)
 <use 1.png>
Package pdftex.def Info: 1.png used on input line 314.
(pdftex.def)             Requested size: 412.56496pt x 238.67807pt.
 [2 <./1.png>]
<2.png, id=25, 356.83313pt x 210.7875pt>
File: 2.png Graphic file (type png)
 <use 2.png>
Package pdftex.def Info: 2.png used on input line 399.
(pdftex.def)             Requested size: 356.83224pt x 210.78699pt.
 [3] [4 <./2.png>]
Overfull \hbox (12.93959pt too wide) in paragraph at lines 413--414
\T2A/cmr/m/n/12 тод Н.В. Смир-но-ва), суть ко-то-ро-го за-клю-ча-ет-ся в ис-пол
ь-зо-ва-нии дан-ной фор-му-лы: $\OML/cmm/m/it/12 X[] \OT1/cmr/m/n/12 = []$
 []


Underfull \hbox (badness 10000) in paragraph at lines 420--523
\T2A/cmr/m/n/10.95 8.197 8.197 14.203
 []

[5] <3_2.png, id=38, 411.03563pt x 240.9pt>
File: 3_2.png Graphic file (type png)
 <use 3_2.png>
Package pdftex.def Info: 3_2.png used on input line 655.
(pdftex.def)             Requested size: 412.56496pt x 241.7963pt.

<3_4.png, id=39, 403.5075pt x 243.15843pt>
File: 3_4.png Graphic file (type png)
 <use 3_4.png>
Package pdftex.def Info: 3_4.png used on input line 658.
(pdftex.def)             Requested size: 412.56496pt x 248.61938pt.
 [6 <./3_2.png> <./3_4.png>] <3_1.png, id=46, 355.3275pt x 211.54031pt>
File: 3_1.png Graphic file (type png)
 <use 3_1.png>
Package pdftex.def Info: 3_1.png used on input line 664.
(pdftex.def)             Requested size: 412.56496pt x 245.62254pt.

<3_3.png, id=47, 410.2828pt x 238.64156pt>
File: 3_3.png Graphic file (type png)
 <use 3_3.png>
Package pdftex.def Info: 3_3.png used on input line 668.
(pdftex.def)             Requested size: 412.56496pt x 239.96642pt.
 [7 <./3_1.png> <./3_3.png>]
Underfull \hbox (badness 10000) in paragraph at lines 696--799
\T2A/cmr/m/n/10.95 9.938 9.954 9.954
 []


Underfull \hbox (badness 10000) in paragraph at lines 815--918
\T2A/cmr/m/n/10.95 9.986 10.040 10.079
 []

[8] <4_1.png, id=57, 694.09312pt x 234.1247pt>
File: 4_1.png Graphic file (type png)
 <use 4_1.png>
Package pdftex.def Info: 4_1.png used on input line 934.
(pdftex.def)             Requested size: 412.56496pt x 139.1648pt.

<4_3.png, id=58, 416.30531pt x 242.40562pt>
File: 4_3.png Graphic file (type png)
 <use 4_3.png>
Package pdftex.def Info: 4_3.png used on input line 938.
(pdftex.def)             Requested size: 412.56496pt x 240.2375pt.
 [9 <./4_1.png> <./4_3.png>] <4_1_2.png, id=64, 700.11563pt x 238.64156pt>
File: 4_1_2.png Graphic file (type png)
 <use 4_1_2.png>
Package pdftex.def Info: 4_1_2.png used on input line 945.
(pdftex.def)             Requested size: 412.56496pt x 140.62978pt.

<4_2.png, id=65, 415.5525pt x 240.9pt>
File: 4_2.png Graphic file (type png)
 <use 4_2.png>
Package pdftex.def Info: 4_2.png used on input line 949.
(pdftex.def)             Requested size: 412.56496pt x 239.17911pt.
 [10 <./4_1_2.png> <./4_2.png>] [11] [12]
LaTeX Font Info:    Try loading font information for T2A+cmtt on input line 102
5.
 ("C:\Program Files\MiKTeX 2.9\tex\latex\cyrillic\t2acmtt.fd"
File: t2acmtt.fd 2001/08/11 v1.0a Computer Modern Cyrillic font definitions
)
[13] [14] [15] (РњР°С‚СЃС‚Р°С‚1.aux) ) 
Here is how much of TeX's memory you used:
 3358 strings out of 493698
 43355 string characters out of 3144400
 120231 words of memory out of 3000000
 6632 multiletter control sequences out of 15000+200000
 13945 words of font info for 37 fonts, out of 3000000 for 9000
 1025 hyphenation exceptions out of 8191
 27i,9n,23p,679b,265s stack positions out of 5000i,500n,10000p,200000b,50000s
{C:/Program Files/MiKTeX 2.9/fonts/enc/dv
ips/cm-super/cm-super-t2a.enc}<C:/Program Files/MiKTeX 2.9/fonts/type1/public/a
msfonts/cm/cmex10.pfb><C:/Program Files/MiKTeX 2.9/fonts/type1/public/amsfonts/
cm/cmmi12.pfb><C:/Program Files/MiKTeX 2.9/fonts/type1/public/amsfonts/cm/cmmi8
.pfb><C:/Program Files/MiKTeX 2.9/fonts/type1/public/amsfonts/cm/cmr12.pfb><C:/
Program Files/MiKTeX 2.9/fonts/type1/public/amsfonts/cm/cmr8.pfb><C:/Program Fi
les/MiKTeX 2.9/fonts/type1/public/amsfonts/cm/cmss12.pfb><C:/Program Files/MiKT
eX 2.9/fonts/type1/public/amsfonts/cm/cmsy10.pfb><C:/Program Files/MiKTeX 2.9/f
onts/type1/public/cm-super/sfbx1200.pfb><C:/Program Files/MiKTeX 2.9/fonts/type
1/public/cm-super/sfbx1440.pfb><C:/Program Files/MiKTeX 2.9/fonts/type1/public/
cm-super/sfbx1728.pfb><C:/Program Files/MiKTeX 2.9/fonts/type1/public/cm-super/
sfrm1095.pfb><C:/Program Files/MiKTeX 2.9/fonts/type1/public/cm-super/sfrm1200.
pfb><C:/Program Files/MiKTeX 2.9/fonts/type1/public/cm-super/sfrm1440.pfb><C:/P
rogram Files/MiKTeX 2.9/fonts/type1/public/cm-super/sfrm1728.pfb><C:/Program Fi
les/MiKTeX 2.9/fonts/type1/public/cm-super/sftt1200.pfb>
Output written on РњР°С‚СЃС‚Р°С‚1.pdf (16 pages, 489286 bytes).
PDF statistics:
 136 PDF objects out of 1000 (max. 8388607)
 0 named destinations out of 1000 (max. 500000)
 51 words of extra memory for PDF output out of 10000 (max. 10000000)

